<?xml version="1.0" encoding="UTF-8"?>
<testng-results ignored="0" total="1" passed="1" failed="0" skipped="0">
  <reporter-output>
  </reporter-output>
  <suite started-at="2020-02-24T12:55:04 IST" name="Surefire suite" finished-at="2020-02-24T12:55:04 IST" duration-ms="175">
    <groups>
    </groups>
    <test started-at="2020-02-24T12:55:04 IST" name="Surefire test" finished-at="2020-02-24T12:55:04 IST" duration-ms="175">
      <class name="Maven.SeleniumPractise.AppTest">
        <test-method signature="shouldAnswerWithTrue()" started-at="2020-02-24T12:55:04 IST" name="shouldAnswerWithTrue" finished-at="2020-02-24T12:55:04 IST" duration-ms="14" status="PASS">
          <reporter-output>
          </reporter-output>
        </test-method> <!-- shouldAnswerWithTrue -->
      </class> <!-- Maven.SeleniumPractise.AppTest -->
    </test> <!-- Surefire test -->
  </suite> <!-- Surefire suite -->
</testng-results>
